Arguments: 
  C:\Program Files\nodejs\node.exe C:\Users\hocti\AppData\Roaming\npm\node_modules\yarn\bin\yarn.js add -D @rollup/plugin-typescript

PATH: 
  C:\Program Files\Oculus\Support\oculus-runtime;C:\Program Files (x86)\Common Files\Intel\Shared Libraries\redist\intel64\compiler;C:\Windows\system32;C:\Windows;C:\Windows\System32\Wbem;C:\Windows\System32\WindowsPowerShell\v1.0\;C:\Windows\System32\OpenSSH\;C:\Program Files\nodejs\;C:\Program Files\Microsoft VS Code\bin;C:\Program Files (x86)\NVIDIA Corporation\PhysX\Common;C:\Program Files\NVIDIA Corporation\NVIDIA NvDLISR;C:\Program Files\PuTTY\;C:\Program Files\Git\cmd;C:\Program Files (x86)\Common Files\Oracle\Java\javapath;C:\Program Files\dotnet\;C:\Users\hocti\.cargo\bin;C:\Users\hocti\AppData\Local\Programs\Python\Python310\Scripts\;C:\Users\hocti\AppData\Local\Programs\Python\Python310\;C:\Users\hocti\AppData\Local\Microsoft\WindowsApps;C:\Users\hocti\AppData\Roaming\npm;C:\Program Files (x86)\GitHub CLI\;C:\Users\hocti\dev\java\jre1.8.0_20\bin;C:\Users\hocti\AppData\Local\GitHubDesktop\bin

Yarn version: 
  1.22.17

Node version: 
  16.13.1

Platform: 
  win32 x64

Trace: 
  SyntaxError: Unknown token: { line: 68, col: 84, type: 'INVALID', value: undefined } 68:84 in D:\dev\PIXIMC\yarn.lock
      at Parser.unexpected (C:\Users\hocti\AppData\Roaming\npm\node_modules\yarn\lib\cli.js:64374:11)
      at Parser.parse (C:\Users\hocti\AppData\Roaming\npm\node_modules\yarn\lib\cli.js:64505:14)
      at Parser.parse (C:\Users\hocti\AppData\Roaming\npm\node_modules\yarn\lib\cli.js:64479:26)
      at parse (C:\Users\hocti\AppData\Roaming\npm\node_modules\yarn\lib\cli.js:64579:21)
      at module.exports.exports.default (C:\Users\hocti\AppData\Roaming\npm\node_modules\yarn\lib\cli.js:64141:96)
      at Function.<anonymous> (C:\Users\hocti\AppData\Roaming\npm\node_modules\yarn\lib\cli.js:3064:63)
      at Generator.next (<anonymous>)
      at step (C:\Users\hocti\AppData\Roaming\npm\node_modules\yarn\lib\cli.js:310:30)
      at C:\Users\hocti\AppData\Roaming\npm\node_modules\yarn\lib\cli.js:321:13

npm manifest: 
  {
  	"name": "pixi-mc",
  	"version": "1.0.1",
  	"description": "read Texture Atlas(as MovieClip) export from adobe animate in pixi.js",
  	"main": "dist/pixi-mc.js",
  	"module": "dist/pixi-mc.esm.js",
  	"types": "types/pixi-mc.d.ts",
  	"typings": "types/pixi-mc.d.ts",
  	"author": "hocti",
  	"license": "MIT",
  	"keywords": [
  		"pixi",
  		"movieclip",
  		"flash",
  		"animate",
  		"adobe",
  		"Texture Atlas"
  	],
  	"scripts": {
  		"build": "rollup -c",
  		"watch": "rollup -c --environment DEV --watch",
  		"build:prod": "rollup -c --environment production"
  	},
  	"repository": {
  		"type": "git",
  		"url": "https://github.com/Hocti/PIXIMC/"
  	},
  	"files": [
  		"dist/"
  	],
  	"devDependencies": {
  		"@pixi/core": "^6.4.2",
  		"@pixi/display": "^6.4.2",
  		"@pixi/math": "^6.4.2",
  		"@pixi/sound": "^4.2.0",
  		"@pixi/sprite": "^6.4.2",
  		"@pixi/ticker": "^6.4.2",
  		"@types/requirejs": "^2.1.34",
  		"pixi-filters": "^4.1.6",
  		"pixi.js": "^6.4.2",
  		"rollup": "^2.75.6",
  		"rollup-plugin-minify-es": "^1.1.1",
  		"rollup-plugin-ts": "^3.0.2",
  		"typescript": "^4.7.4"
  	},
  	"peerDependencies": {
  		"@pixi/core": "^6.4.2",
  		"@pixi/display": "^6.4.2",
  		"@pixi/math": "^6.4.2",
  		"@pixi/sound": "^4.2.0",
  		"@pixi/sprite": "^6.4.2",
  		"@pixi/ticker": "^6.4.2",
  		"pixi-filters": "^4.1.6"
  	}
  }

yarn manifest: 
  No manifest

Lockfile: 
  # THIS IS AN AUTOGENERATED FILE. DO NOT EDIT THIS FILE DIRECTLY.
  # yarn lockfile v1
  
  
  "@mdn/browser-compat-data@^4.1.16":
    version "4.2.1"
    resolved "https://registry.yarnpkg.com/@mdn/browser-compat-data/-/browser-compat-data-4.2.1.tgz#1fead437f3957ceebe2e8c3f46beccdb9bc575b8"
    integrity sha512-EWUguj2kd7ldmrF9F+vI5hUOralPd+sdsUnYbRy33vZTuZkduC1shE9TtEMEjAQwyfyMb4ole5KtjF8MsnQOlA==
  
  "@pixi/accessibility@6.4.2":
    version "6.4.2"
    resolved "https://registry.yarnpkg.com/@pixi/accessibility/-/accessibility-6.4.2.tgz#612d64d14b1eee4314fead64c7916c96953b2f39"
    integrity sha512-8fGPff10+vQuEfhQhOF/d/O3B3tpZvZRDUB6E8H+HAreV3S7PWk1WvC82/Q3Ru9u78M4y6zWvb0GQVT/h5JG9g==
  
  "@pixi/app@6.4.2":
    version "6.4.2"
    resolved "https://registry.yarnpkg.com/@pixi/app/-/app-6.4.2.tgz#d24e1fe4cb415e8dd7f2fd26a8e59969debee3ca"
    integrity sha512-r0cTQan9ST0N+QmaaZQso7q0Q/lk9pUXB7dez+2vrLEbP8TAnLym2V2H+ChN6TwD+EoX6qXD7oFohNbwPedNyA==
  
  "@pixi/compressed-textures@6.4.2":
    version "6.4.2"
    resolved "https://registry.yarnpkg.com/@pixi/compressed-textures/-/compressed-textures-6.4.2.tgz#3b8ae7ab9e63c6250b8946f1169261b65ff35832"
    integrity sha512-PRA715S7WN+I9XT8tPRYMsqDnJl3D4hpC5ZccB41579kv1NBdTATdMk6G3m92RuBmonfdwGdRBYLSWVRgzgC+g==
  
  "@pixi/constants@6.4.2":
    version "6.4.2"
    resolved "https://registry.yarnpkg.com/@pixi/constants/-/constants-6.4.2.tgz#1835fe2cbae9ce7865f9a67bd2d4aef800be6a11"
    integrity sha512-qj+eviYmJqeGkMbIKSkp1FVMLglQPVyzzyo/2/0VYmSuY4m4WItC4w3wtyjDd4vBK9YxZIUBZz+LKJvKkRplLQ==
  
  "@pixi/core@6.4.2", "@pixi/core@^6.4.2":
    version "6.4.2"
    resolved "https://registry.yarnpkg.com/@pixi/core/-/core-6.4.2.tgz#b62fa4dc59280313a33922eac69db63f0336db42"
    integrity sha512-W5RWg0537uz2ni0BW9pA0gRmYGBE628e5XR4iDXO5VLSIZmc4jcaBLsPC7o1amcg1xo5Ty44yMpVpodv+GGRCw==
    dependencies:
      "@types/offscreencanvas" "^2019.6.4"
  
  "@pixi/display@6.4.2", "@pixi/display@^6.4.2":
    version "6.4.2"
    resolved "https://registry.yarnpkg.com/@pixi/display/-/display-6.4.2.tgz#04ad9c5b41e039fe9a778c5346d28a810d82a2fe"
    integrity sha512-mE35oRa4Ex5NOVXsuk7JldmmjBfO0gtOO7FPU3VpheOB13HLoacJ4XAa1HfAGapFiFZe+K19gOXEiOj1RyJfGA==
  
  "@pixi/extract@6.4.2":
    version "6.4.2"
    resolved "https://registry.yarnpkg.com/@pixi/extract/-/extract-6.4.2.tgz#9423483ecc58d6feb441d8eb8d5bc2cdacc37c9c"
    integrity sha512-4eMqkns+NL2/DmdezjbVG4TW+eII3hvgDM3koDQNoO4yjMgU+55TTptPU9jJL/JJwntRiUECLSIHg8eZxmA5mA==
  
  "@pixi/filter-adjustment@4.1.3":
    version "4.1.3"
    resolved "https://registry.yarnpkg.com/@pixi/filter-adjustment/-/filter-adjustment-4.1.3.tgz#61e34b4dd9766ccf40463f0538201bf68f78df66"
    integrity sha512-W+NhPiZRYKoRToa5+tkU95eOw8gnS5dfIp3ZP+pLv2mdER9RI+4xHxp1uLHMqUYZViTaMdZIIoVOuCgHFPYCbQ==
  
  "@pixi/filter-advanced-bloom@4.1.5":
    version "4.1.5"
    resolved "https://registry.yarnpkg.com/@pixi/filter-advanced-bloom/-/filter-advanced-bloom-4.1.5.tgz#9c8b7d087c896083f3f13541cd40c50add1d6388"
    integrity sha512-Iun+tOrAvnsIhlrTNxQJoeGMLNuxafgkxqaGLibAvE6/Xx6zquM0LCLNn9twKuVQ+qUP1HUti/Mf/kbyiwAbNw==
    dependencies:
      "@pixi/filter-kawase-blur" "4.1.5"
  
  "@pixi/filter-alpha@6.4.2":
    version "6.4.2"
    resolved "https://registry.yarnpkg.com/@pixi/filter-alpha/-/filter-alpha-6.4.2.tgz#592f3285a86293d372c241c01530966f463d15d9"
    integrity sha512-If6a/tCPnFo0FQI/v6uy0OSqrNI8YMZMdcY7CfgklqDHx50CvhKp0d2tPYE4ETNgSpO883LARz6pi6yLAH83AA==
  
  "@pixi/filter-ascii@4.1.5":
    version "4.1.5"
    resolved "https://registry.yarnpkg.com/@pixi/filter-ascii/-/filter-ascii-4.1.5.tgz#c2dc5ce4fea837d60b46ad6b2b36ad1219fa6275"
    integrity sha512-zrknFA1qM36IXYGmDmTa/chwU2bt/Q4R2N/rs3q7T8wFHS+PkbWhj2Juuy6TQ7OpQZE2t3I6JQL/zgA5vvXzDg==
  
  
  "@pixi/filter-bloom@4.1.5":
    version "4.1.5"
    resolved "https://registry.yarnpkg.com/@pixi/filter-bloom/-/filter-bloom-4.1.5.tgz#f37dfebac6ccc45e546329390471f0fe8ea5d097"
    integrity sha512-/u+9BNCGUU1Qc5DyThbQv3TRL2T7mQTLTXyiXN5itqo/+LtZ5J+yjw1sHw0pSLfWYAnYa+biq5rwO5jD7+yx8A==
  
  "@pixi/filter-blur@6.4.2":
    version "6.4.2"
    resolved "https://registry.yarnpkg.com/@pixi/filter-blur/-/filter-blur-6.4.2.tgz#85d5be4cf188ef9f33a2be4cee91607389221582"
    integrity sha512-AMvhpFFYkRw6OQuhAuwzCJZI3wjXx6gejJB9RUEOIaQBwhTeSyZqB5JpQbcpAteQZLggUPFZAm9Rf74LRjs7ZA==
  
  "@pixi/filter-bulge-pinch@4.1.5":
    version "4.1.5"
    resolved "https://registry.yarnpkg.com/@pixi/filter-bulge-pinch/-/filter-bulge-pinch-4.1.5.tgz#aaeb31df9191ef42d553a615cd37e27af8359eeb"
    integrity sha512-qdxoaRjYCUDE/YhIybc6RpsDeUtk79T4sKqJOLGntIQAF3aeM62yzBH/eimport * as PIXI from "pixi.js"
  by2wqrTQs+F+9Hp6DgPfsqQuMQ==
  
  "@pixi/filter-color-map@4.1.5":
    version "4.1.5"
    resolved "https://registry.yarnpkg.com/@pixi/filter-color-map/-/filter-color-map-4.1.5.tgz#ffa685356c666295fe66c0c871196b0ae13a5e29"
    integrity sha512-L7cAM/5G0JKz8cJCFSDWageQonC8iG7eEvEyhz/L/ENqWI7pg2LIldqvK9vIc2HE9HjvkdoDQAb4vfm3OhMHkA==
  
  "@pixi/filter-color-matrix@6.4.2":
    version "6.4.2"
    resolved "https://registry.yarnpkg.com/@pixi/filter-color-matrix/-/filter-color-matrix-6.4.2.tgz#313aa6df18dfe8d91049ee8aff4eafd22ef54e63"
    integrity sha512-IsR2piAxGmyesqZ4OlIyv5OvUkHx3K5iL+js6vricbcbBZA9fQUjTXdZmb7RloO6Po3Amze3f9ZkuLe4CNpUDQ==
  
  "@pixi/filter-color-overlay@4.1.5":
    version "4.1.5"
    resolved "https://registry.yarnpkg.com/@pixi/filter-color-overlay/-/filter-color-overlay-4.1.5.tgz#db9bc841228c41f469267d09e566006496dfe3f1"
    integrity sha512-hT29sEBkcEzRdNFKlzHvzOJ0nJh2XKuuyiQkgr9IwA6x6GZ5UCX5ybJl7cfr/NKpujvxGIXknQNdPU7MWonJOQ==
  
  "@pixi/filter-color-replace@4.1.5":
    version "4.1.5"
    resolved "https://registry.yarnpkg.com/@pixi/filter-color-replace/-/filter-color-replace-4.1.5.tgz#c58cb6b7283781b56bcf1075be8ad6c15795d125"
    integrity sha512-2nHaOHMsIggA+oM/LYZb8TdwMG6YiB3Q6ux8dcZsXAeYrR06gzGJFKzq5iGoyZ4ADwGwHzzNuPkzEAGshfGm1Q==
  
  "@pixi/filter-convolution@4.1.5":
    version "4.1.5"
    resolved "https://registry.yarnpkg.com/@pixi/filter-convolution/-/filter-convolution-4.1.5.tgz#37607a13f8d3fb94393dee64eebecfde105899e8"
    integrity sha512-QRESMmSXVSdt2hx1BQL/mMXNxgFaBfxT8txUllyAv/MVLBj2itKv9wwzFCdk6FQtTGG8LfffILPxjaLKgASZKg==
  
  "@pixi/filter-cross-hatch@4.1.3":
    version "4.1.3"
    resolved "https://registry.yarnpkg.com/@pixi/filter-cross-hatch/-/filter-cross-hatch-4.1.3.tgz#d5eb38d7e9f4c532755fe82c2de343275bf86f4b"
    integrity sha512-tnRwOR0POApJMTP3dggj9UQszikIZOU8Z9jjzB4pyKHSCNGFuALkN2CkjMyOojA0Cxtia0HbmU5v+CzSahOwVQ==
  
  "@pixi/filter-crt@4.1.6":
    version "4.1.6"
    resolved "https://registry.yarnpkg.com/@pixi/filter-crt/-/filter-crt-4.1.6.tgz#4d2172f8f7a5a744a2e823c3db1d723ec0aa47ac"
    integrity sha512-hV9wQh63Huud/fSwFwZ3MvKXDso4+gqe10/gOGwnA9bRtm5jMC2podjnZJiipEBs8nGtrPoCpUlkoaeWLVm+uA==
  
  "@pixi/filter-displacement@6.4.2":
    version "6.4.2"
    resolved "https://registry.yarnpkg.com/@pixi/filter-displacement/-/filter-displacement-6.4.2.tgz#3e9859783219eeb1b1629e52e8c738d56763b185"
    integrity sha512-ofY2CucTV9uhzBmKioOQMHoD+cyeycDAJ9TWLGf6/FUVSBgHLhRDFKd3IE0raXLNETGl01V9mxWEjZ8yB7/jkA==
  
  "@pixi/filter-dot@4.1.5":
    version "4.1.5"
    resolved "https://registry.yarnpkg.com/@pixi/filter-dot/-/filter-dot-4.1.5.tgz#0715e7b8e1ec006269f48418f5cdad187cf944ba"
    integrity sha512-+JDKJIfYMZnqbtnBw4EmNtXrmez8jdrKjBZ6P8o9WW7KOcSw57xlVFEuJAZHguxfqKHwbrkCsIY/NvZW0iZHJw==
  
  "@pixi/filter-drop-shadow@4.1.5":
    version "4.1.5"
    resolved "https://registry.yarnpkg.com/@pixi/filter-drop-shadow/-/filter-drop-shadow-4.1.5.tgz#8eb6320ac45f1b218066ffe8e46a692a2706ba5d"
    integrity sha512-3QmoLOfGGrdDKzarXcViWSMTeWlPXCuMy9M/sXFHWSTapBa4TQ6m1It4pv+2jGAty/dWG98l8/68vxlIFuqy7A==
    dependencies:
      "@pixi/filter-kawase-blur" "4.1.5"
  
  "@pixi/filter-emboss@4.1.5":
    version "4.1.5"
    resolved "https://registry.yarnpkg.com/@pixi/filter-emboss/-/filter-emboss-4.1.5.tgz#e252bb109e2a9d0c63025e79caa0bf1fe33defbc"
    integrity sha512-Dl5miB/cR+JopN477pBIk1RHMVkUcrtPGyekh/PdgNSu5Xlp+tuBWMprBvUFcoZLlW8BtTsphjnmPMOgJugNtQ==
  
  "@pixi/filter-fxaa@6.4.2":
    version "6.4.2"
    resolved "https://registry.yarnpkg.com/@pixi/filter-fxaa/-/filter-fxaa-6.4.2.tgz#29f4fe2a0dc073590561d7eb18aa84924a98a6da"
    integrity sha512-euUeo/FAQ9DfnRYmxcA9wqAzU8y3VRvgptuur/sFPGgWDQqoOOLzBqRDU8/Mhj0NM9ixswrUHBTg8FN5ToP2yw==
  
  "@pixi/filter-glitch@4.1.5":
    version "4.1.5"
    resolved "https://registry.yarnpkg.com/@pixi/filter-glitch/-/filter-glitch-4.1.5.tgz#b657a2a79eedc645b7a77e0afb96dbf7413c5e8b"
    integrity sha512-x7l7XbrLqCoScYfRZmy/x1/KXOGXWpf7a4fcygc+n+jIm/IFwA93KvSJx9reBQzcONl5JXBOJVnFeLYcjP5J3w==
  
  "@pixi/filter-glow@4.1.5":
    version "4.1.5"
    resolved "https://registry.yarnpkg.com/@pixi/filter-glow/-/filter-glow-4.1.5.tgz#bd92a6eca3320b71e8c3651fea26c56480a7b640"
    integrity sha512-Km+30k1dMlmAn2QuzdR1qhGIiyRRrSLknS0aVxvFlCoIlBlSN6ii9eo2sn1FQxjJq3A977kwYrhrcZS/Y5SrwQ==
  
  "@pixi/filter-godray@4.1.5":
    version "4.1.5"
    resolved "https://registry.yarnpkg.com/@pixi/filter-godray/-/filter-godray-4.1.5.tgz#00638291f7727810ba1b225af1ccb08cfd0682a9"
    integrity sha512-SKRXKL3iCOBMGjPcH+AbrzPirRigQVd3xC9d2RbDaLANh62qUEn6Ajmj44j19I9KpSugi+pVso74fxvFiISUhw==
  
  "@pixi/filter-kawase-blur@4.1.5":
    version "4.1.5"
    resolved "https://registry.yarnpkg.com/@pixi/filter-kawase-blur/-/filter-kawase-blur-4.1.5.tgz#c84fd3f452bfa44aaba4cba0c43a2b6071e0c6b2"
    integrity sha512-YVzzfLoUMKYeEMuuj4TfpTJ1p14nBV/+JnWVL5dC63VuCQ1YMxzSmc6ahGNfbex0+nvhyKPWe87aO7jzX0waoA==
  
  "@pixi/filter-motion-blur@4.1.5":
    version "4.1.5"
    resolved "https://registry.yarnpkg.com/@pixi/filter-motion-blur/-/filter-motion-blur-4.1.5.tgz#b989b06d47bf5c398c89f9616f92feee3b0bea71"
    integrity sha512-ah2ylUJ/P3NLaOHvO9vPJoUZo0tgqQ7jnR9c35bL/2ApgGfrlTeCb4sFzFaJ3IA0TiIt3ZMxK4UGMcVLWnTEmg==
  
  "@pixi/filter-multi-color-replace@4.1.5":
    version "4.1.5"
    resolved "https://registry.yarnpkg.com/@pixi/filter-multi-color-replace/-/filter-multi-color-replace-4.1.5.tgz#f205296b5275d74f843a018c06688d4d598a06f8"
    integrity sha512-cLrTfnp/Qoa9I70VGrOWqQdFD9L0l4XkaiXIwwbajUsl/xY0LjoCZtAUrBTztgjfUF9aEZVJhGlkAaXcNDONlQ==
  
  "@pixi/filter-noise@6.4.2":
    version "6.4.2"
    resolved "https://registry.yarnpkg.com/@pixi/filter-noise/-/filter-noise-6.4.2.tgz#588c779336716ce6ec1adabc75dd199c5fd262a8"
    integrity sha512-WvtpU1JHKujwoRHP7vqcOQ700ZH6faFXVSG6+ot9giJldk1sf5xNK7tKjSEkhcQgI7VwAqwMy/z4Jho+clCPgg==
  
  "@pixi/filter-old-film@4.1.5":
    version "4.1.5"
    resolved "https://registry.yarnpkg.com/@pixi/filter-old-film/-/filter-old-film-4.1.5.tgz#2aae40cb1abb4e7692a70c4c0beab15f6ac895cc"
    integrity sha512-ea5xgapjr3zcYFiY7s2yQjLR5QDEZK7IIG3KT8RXVgODCCy1oI/lUP1dJFbCoGR6u22KgJavFiWO8oRHE4U62A==
  
  "@pixi/filter-outline@4.1.5":
    version "4.1.5"
    resolved "https://registry.yarnpkg.com/@pixi/filter-outline/-/filter-outline-4.1.5.tgz#d44f63fb40e80ea8719a4f72a8f5453c1244b515"
    integrity sha512-tm0lQR5fGFz0g7GQamRGhf5vkzj4aYLTv0MCK98KaK1L45agzRioJgzicVkuSu6J/SMMvT4O6XSGax0z4fTs9Q==
  
  "@pixi/filter-pixelate@4.1.3":
    version "4.1.3"
    resolved "https://registry.yarnpkg.com/@pixi/filter-pixelate/-/filter-pixelate-4.1.3.tgz#8200ccf4e47803a5b2f86ab3a755d438769b0e37"
    integrity sha512-1YEc46GO08C2nc54P/9yxWH7TaVTNoJe+EEvuXKiSITVadr4fEizkm607m+VAt6Ngv6bYpCAxO36HoRTFf3mAw==
  
  "@pixi/filter-radial-blur@4.1.5":
    version "4.1.5"
    resolved "https://registry.yarnpkg.com/@pixi/filter-radial-blur/-/filter-radial-blur-4.1.5.tgz#ac4fbb513e5056bdc9a4f518a02f2d715061f874"
    integrity sha512-CcJQyLADa7wSqH9gEiR2luqb1DbTDKDM5zjg7Eyy9XGjHl3bKMq8Njy4q3sR7jrf9rkPa0ouuTvTwFI9Fdj5VA==
  
  "@pixi/filter-reflection@4.1.5":
    version "4.1.5"
    resolved "https://registry.yarnpkg.com/@pixi/filter-reflection/-/filter-reflection-4.1.5.tgz#a73f18a2b2c336e6b0a1f048343196f155e91e2e"
    integrity sha512-g+L4newRZa6GmozWEgAnilLi4xAygqyJYafGGvL588UYIVPtHbm7g7/SQyhSbuXNIMF2Semu0BDSl9IW24txEQ==
  
  "@pixi/filter-rgb-split@4.1.3":
    version "4.1.3"
    resolved "https://registry.yarnpkg.com/@pixi/filter-rgb-split/-/filter-rgb-split-4.1.3.tgz#dfe68d36cf344b2644ceee9fd50f1bd970639b12"
    integrity sha512-oPbDz5PlpDqJh8+Z87k9l3mZQCcyZTU1/45hd5Y9H+CoTWsBGcRE7jJFUVW4TjDPlTjVCkBXkOgbz1fVzPPhFg==
  
  "@pixi/filter-shockwave@4.1.5":
    version "4.1.5"
    resolved "https://registry.yarnpkg.com/@pixi/filter-shockwave/-/filter-shockwave-4.1.5.tgz#2500f52f0ef77d790bc4890cc6d32c3a88bdf0c5"
    integrity sha512-L9i12+2UIIIwxGdXeBBq1WNTexWgwdYIyq6NqG0dlet1qW8++4KxgLYERCT1lpPjDxUmD2SkOU9VR3sGJOP8pQ==
  
  "@pixi/filter-simple-lightmap@4.1.5":
    version "4.1.5"
    resolved "https://registry.yarnpkg.com/@pixi/filter-simple-lightmap/-/filter-simple-lightmap-4.1.5.tgz#6b6c35e4e3f6079091d494aab2394f88b203c31c"
    integrity sha512-uwbHIWHc7sgTzS8vHITy4BiU4s2ZmmV00cvqVbpTYlL0YrqgYHbXF9ZYoF601YTV4VMYIi0IazRQEZgHifUUWg==
  
  "@pixi/filter-tilt-shift@4.1.5":
    version "4.1.5"
    resolved "https://registry.yarnpkg.com/@pixi/filter-tilt-shift/-/filter-tilt-shift-4.1.5.tgz#cbdf2c658648ca50f2250ef0efe7eacf04ed8d5d"
    integrity sha512-6dJa40UJ+Dtd7D64aS7N0zv92rdkKCBUaG2eUNQR7Xufo+Vm3u8+y7DpDgcNPWPjL30K6oedGiOtc6V6T/qfqQ==
  
  "@pixi/filter-twist@4.1.5":
    version "4.1.5"
    resolved "https://registry.yarnpkg.com/@pixi/filter-twist/-/filter-twist-4.1.5.tgz#1baaa591ad50b85fcacc1a201150470f6a8dd2ca"
    integrity sha512-O5GNcAm3cxFZe+s6tpN40MAl/NEpRbqlgTx2YAw6ZhJP2/pZ0eTu68qLNloAmOIwp0FksfOupt/WVrW4zzZBYA==
  
  "@pixi/filter-zoom-blur@4.1.5":
    version "4.1.5"
    resolved "https://registry.yarnpkg.com/@pixi/filter-zoom-blur/-/filter-zoom-blur-4.1.5.tgz#7602636fc6b19c0c0f26cc4db26fb838593e5ae8"
    integrity sha512-peynWrG88pF4GYXLLmrQFc1tl/yZWkE0Vken4i0I2rpwvUPkyzYPgMYeRUG+/DsP/q+5+dopnzHOrrdJORgF2w==
  
  "@pixi/graphics@6.4.2":
    version "6.4.2"
    resolved "https://registry.yarnpkg.com/@pixi/graphics/-/graphics-6.4.2.tgz#a3dadc078432b67d4606b1f05c5ab3fce80db40b"
    integrity sha512-bMIuOee3ONsibRzq9/YUOPfrJ9rD5UK4ifhHRcB5sXwyRXhVK2HNkT2H4+0JQ8o7TxqjJE8neb5en9hn3ZR3SQ==
  
  "@pixi/interaction@6.4.2":
    version "6.4.2"
    resolved "https://registry.yarnpkg.com/@pixi/interaction/-/interaction-6.4.2.tgz#5745498057c174fb5c7538619644c7b104a58cf5"
    integrity sha512-CJ4BAZUM+9ykRE9NIOyTiv7oR+PoiDqn+GcI8boE9mRyJ0WZosznCYdcAwEk5k/F5+Az0z8hK3PjzTuNvrPAcw==
  
  "@pixi/loaders@6.4.2":
    version "6.4.2"
    resolved "https://registry.yarnpkg.com/@pixi/loaders/-/loaders-6.4.2.tgz#74558719d9febfc34de863a2df791502cefdc600"
    integrity sha512-2y4JbGhhYYYdKIZfy9Evc7rcctqcXiP6xuAuIfqVgRD9SjQkxImelgCpyYT/BpjXP5jetyim8Usv07Ynx+4B0w==
  
  "@pixi/math@6.4.2", "@pixi/math@^6.4.2":
    version "6.4.2"
    resolved "https://registry.yarnpkg.com/@pixi/math/-/math-6.4.2.tgz#32c39453877e6faa0c8891b8fbeec02a4f8bfecf"
    integrity sha512-/byuwLhzln7Gahl3pT/Ckfwe4nvAQ3tAYu+38B+b18HkQWi3Ykci/QwVq/nICb5sa5tJzW3icno2qcv7zBd2xQ==
  
  "@pixi/mesh-extras@6.4.2":
    version "6.4.2"
    resolved "https://registry.yarnpkg.com/@pixi/mesh-extras/-/mesh-extras-6.4.2.tgz#3fe3452c0038ace0ebfd638bb14b2dbd9ee0e342"
    integrity sha512-fTfz+LiqhCrQ2Bnc05bURshyXOUuH1KZXKneXgUhmWb8u02Mc41mT4aylf/Ve9YhVMBL5dcsY5UTGrfn+MvIsg==
  
  "@pixi/mesh@6.4.2":
    version "6.4.2"
    resolved "https://registry.yarnpkg.com/@pixi/mesh/-/mesh-6.4.2.tgz#0191e859acf626d3828485ae0fb35b686ca29e19"
    integrity sha512-zbrgcYg2EGtxj6h0SC3pSe8Nc0R5jSM0r2GJXjqdiBywsKH0c+XKdUMCi3LZ1uCbJraN5N0suOkBHTUEK1Qx3Q==
  
  "@pixi/mixin-cache-as-bitmap@6.4.2":
    version "6.4.2"
    resolved "https://registry.yarnpkg.com/@pixi/mixin-cache-as-bitmap/-/mixin-cache-as-bitmap-6.4.2.tgz#10f37259ddc65aafb0a492adb17135d040db7874"
    integrity sha512-TyMoSDoxd8o1J6/S/8xjJlCO4ThVOC2aJdHMP3hNX8GqjszOWZ2JONwVrPauToCPLyM76JXoDylwINB0bMh3YQ==
  
  "@pixi/mixin-get-child-by-name@6.4.2":
    version "6.4.2"
    resolved "https://registry.yarnpkg.com/@pixi/mixin-get-child-by-name/-/mixin-get-child-by-name-6.4.2.tgz#1e8ad6736eaeb4f62d8eb6536bc501d069399d70"
    integrity sha512-VP8RihmDiah3x/7jHoJe1f9PCWadWOC5m5pHE886e4KafZq6vRJAoD9SMBm2VxcVJMZAvwIXnnTd6M2paC6ijg==
  
  "@pixi/mixin-get-global-position@6.4.2":
    version "6.4.2"
    resolved "https://registry.yarnpkg.com/@pixi/mixin-get-global-position/-/mixin-get-global-position-6.4.2.tgz#8f4566210839fe59c1dc36d74879e24d367d596e"
    integrity sha512-sb+uzQ1OjXeGZaehuhmYoLtmrpt18gj4OQXa/ACebIEYZNB0fy57k1MMEhQlQvv4cOML0nglf64nzhkdNxk85A==
  
  "@pixi/particle-container@6.4.2":
    version "6.4.2"
    resolved "https://registry.yarnpkg.com/@pixi/particle-container/-/particle-container-6.4.2.tgz#8dce4aa72fa66a7ed785b7ac0205d8df4b11d1cc"
    integrity sha512-AWeeGNk0ngGBNCyY25jnYHpxLi9mZ2TKvJCFuDl7WyUDKRekJjjF5ctxtATNECIy964HFadlV31Jzrlji2sDiQ==
  
  "@pixi/polyfill@6.4.2":
    version "6.4.2"
    resolved "https://registry.yarnpkg.com/@pixi/polyfill/-/polyfill-6.4.2.tgz#c1a0b44ae60bff6749e00df069803546afe86a9b"
    integrity sha512-526FVALec5Hf6KVuguRLmLjnAAodpcBeZdQvMVEyMqgxZLch3f6QSwq+SITqR2lr7toqRYEWMyH7ISXdqbcRAg==
    dependencies:
      object-assign "^4.1.1"
      promise-polyfill "^8.2.0"
  
  "@pixi/prepare@6.4.2":
    version "6.4.2"
    resolved "https://registry.yarnpkg.com/@pixi/prepare/-/prepare-6.4.2.tgz#5c85482b5b096806641adca49c84bfb52d62d79d"
    integrity sha512-6UXNvKxCsoJVCGZslkqynkwaY+uHsSfcQHsmm/aVg6Y1bcA8Uv8JUgZVTnF195APqPLh1k3KYYch2hrdC0ip0A==
  
  "@pixi/runner@6.4.2":
    version "6.4.2"
    resolved "https://registry.yarnpkg.com/@pixi/runner/-/runner-6.4.2.tgz#006ab5e49e281717868d46d6b020d26675b1f334"
    integrity sha512-mH1//C931Rd+RB/c66t8VMNmLUGBCnefRftgijV5mBFXNgyP8Dnbig1790Qw4IDKPgiiR1mRmGDGAJAr0Xa/3A==
  
  "@pixi/settings@6.4.2":
    version "6.4.2"
    resolved "https://registry.yarnpkg.com/@pixi/settings/-/settings-6.4.2.tgz#1d912cd0c82d669c03666e4e8bd11b79aaf9fac7"
    integrity sha512-wA2PEVoHYaRiQ0/zvq8nqJZkzDT3qLRl8S7yVfL1yhsbCsh6KI0hjCwqy8b8xCAVAMwkInzWx64lvQbfActnAg==
    dependencies:
      ismobilejs "^1.1.0"
  
  "@pixi/sound@^4.2.0":
    version "4.2.0"
    resolved "https://registry.yarnpkg.com/@pixi/sound/-/sound-4.2.0.tgz#fbf3786e099caafd5d888b29401109f387eaf984"
    integrity sha512-l7pbmLQa5soahfssyJjs/nkXMND8QwxqB3dA/zGr+87sVebOqohbJ5dLleBUWdPsAV+VeaQHi/4ohZR8fRt3og==
  
  "@pixi/sprite-animated@6.4.2":
    version "6.4.2"
    resolved "https://registry.yarnpkg.com/@pixi/sprite-animated/-/sprite-animated-6.4.2.tgz#b3f6e8f4f2b1a4a40ebff1821e81fa45e588e8b9"
    integrity sha512-K0/AfB+EaPmqfJr/yxsbL/sF1nEHBxeT+4+1MlTTBwNW2y9r+OyZiO/1CEmn1r3D7utFzxa+BkS1jGLVF+1klw==
  
  "@pixi/sprite-tiling@6.4.2":
    version "6.4.2"
    resolved "https://registry.yarnpkg.com/@pixi/sprite-tiling/-/sprite-tiling-6.4.2.tgz#ed7459224ced02824d2161e31b2dc8f9e5d1c060"
    integrity sha512-2kTVlgOMDi8MmvrZJBe4pt96hIcFS89kJrZYG+aEg7DoS1oQJ1X/T68feqz0PfMHgTJtQiDqn2NbR+/S1E/HpQ==
  
  "@pixi/sprite@6.4.2", "@pixi/sprite@^6.4.2":
    version "6.4.2"
    resolved "https://registry.yarnpkg.com/@pixi/sprite/-/sprite-6.4.2.tgz#018f63dace945bf3bcb26d06e8160118bb9db128"
    integrity sha512-UW3587gBSdY8iCh/t7+7j1CV9iouAQrLvRNw42gJm5iQm+GaLWpQEI3GSaQX9u47fi1C2nokeGa6uB2Hwz/48Q==
  
  "@pixi/spritesheet@6.4.2":
    version "6.4.2"
    resolved "https://registry.yarnpkg.com/@pixi/spritesheet/-/spritesheet-6.4.2.tgz#e17118c476ebf2f3371022b5df8f254ed7989208"
    integrity sha512-iSKVXcH4oPNZ+XdirqMTdgo3MbbXRsoAeuXsoWum2aP4Zm94cSQ0kRGAMXg5SVhQTWF5w+tQ+JKfE/kGZqd5Vg==
  
  "@pixi/text-bitmap@6.4.2":
    version "6.4.2"
    resolved "https://registry.yarnpkg.com/@pixi/text-bitmap/-/text-bitmap-6.4.2.tgz#3cbea49534939be58b82d0709bc9a1decf62008d"
    integrity sha512-P+LjlEA2g2+UdHrT95wB3SoL40Z4AqMlfW6rh8WDxCtfvjafBM8Cl2sqkvd962GOrp7MuVCLYTodIs7LaYf9BQ==
  
  "@pixi/text@6.4.2":
    version "6.4.2"
    resolved "https://registry.yarnpkg.com/@pixi/text/-/text-6.4.2.tgz#340aa90a241deecff499b540b9e1ec34cadff27c"
    integrity sha512-jX2LBjgEwKqm5lTUKh3gusSKsSPQpibdcxYMQKxMDNVqvNyGG9UqEO/FogMnGg6c5EHBKyMas26c8oXrf1oagg==
  
  "@pixi/ticker@6.4.2", "@pixi/ticker@^6.4.2":
    version "6.4.2"
    resolved "https://registry.yarnpkg.com/@pixi/ticker/-/ticker-6.4.2.tgz#5e84fcd9c76240e9c141f268b780de19b63cf231"
    integrity sha512-OM2U0qLiU2Z+qami7DRNkBJnx20ElQO/5mJNsoHQRH6k/po0nXlux8jcCXhh5DE9lds4RdUFAwTL4RmLT1clDw==
  
  "@pixi/utils@6.4.2":
    version "6.4.2"
    resolved "https://registry.yarnpkg.com/@pixi/utils/-/utils-6.4.2.tgz#77c5bac2ba26094ac0308327a5b6685d3287f649"
    integrity sha512-FORUzSikNUNceS6sf2NlRcGukmJrnWCQToA6Nqk+tQ7Lvb42vDTVI66ya44O6HYM2J0nL684YeYesWbAZ+UeKg==
    dependencies:
      "@types/earcut" "^2.1.0"
      earcut "^2.2.2"
      eventemitter3 "^3.1.0"
      url "^0.11.0"
  
  "@rollup/pluginutils@^4.2.1":
    version "4.2.1"
    resolved "https://registry.yarnpkg.com/@rollup/pluginutils/-/pluginutils-4.2.1.tgz#e6c6c3aba0744edce3fb2074922d3776c0af2a6d"
    integrity sha512-iKnFXr7NkdZAIHiIWE+BX5ULi/ucVFYWD6TbAV+rZctiRTY2PL6tsIKhoIOaoskiWAkgu+VsbXgUVDNLHf+InQ==
    dependencies:
      estree-walker "^2.0.1"
      picomatch "^2.2.2"
  
  "@types/earcut@^2.1.0":
    version "2.1.1"
    resolved "https://registry.yarnpkg.com/@types/earcut/-/earcut-2.1.1.tgz#573a0af609f17005c751f6f4ffec49cfe358ea51"
    integrity sha512-w8oigUCDjElRHRRrMvn/spybSMyX8MTkKA5Dv+tS1IE/TgmNZPqUYtvYBXGY8cieSE66gm+szeK+bnbxC2xHTQ==
  
  "@types/node@^17.0.36":
    version "17.0.45"
    resolved "https://registry.yarnpkg.com/@types/node/-/node-17.0.45.tgz#2c0fafd78705e7a18b7906b5201a522719dc5190"
    integrity sha512-w+tIMs3rq2afQdsPJlODhoUEKzFP1ayaoyl1CcnwtIlsVe7K7bA1NGm4s3PraqTLlXnbIN84zuBlxBWo1u9BLw==
  
  "@types/object-path@^0.11.1":
    version "0.11.1"
    resolved "https://registry.yarnpkg.com/@types/object-path/-/object-path-0.11.1.tgz#eea5b357518597fc9c0a067ea3147f599fc1514f"
    integrity sha512-219LSCO9HPcoXcRTC6DbCs0FRhZgBnEMzf16RRqkT40WbkKx3mOeQuz3e2XqbfhOz/AHfbru0kzB1n1RCAsIIg==
  
  "@types/offscreencanvas@^2019.6.4":
    version "2019.7.0"
    resolved "https://registry.yarnpkg.com/@types/offscreencanvas/-/offscreencanvas-2019.7.0.tgz#e4a932069db47bb3eabeb0b305502d01586fa90d"
    integrity sha512-PGcyveRIpL1XIqK8eBsmRBt76eFgtzuPiSTyKHZxnGemp2yzGzWpjYKAfK3wIMiU7eH+851yEpiuP8JZerTmWg==
  
  "@types/requirejs@^2.1.34":
    version "2.1.34"
    resolved "https://registry.yarnpkg.com/@types/requirejs/-/requirejs-2.1.34.tgz#819e69701fbadefa53376c4f6f9da726b781e143"
    integrity sha512-iQLGNE1DyIRYih60B47l/hI5X7J0wAnnRBL6Yn85GUYQg8Fm3wl8kvT6NRwncKroUOSx7/lbAagIFNV7y02DiQ==
  
  "@types/semver@^7.3.9":
    version "7.3.10"
    resolved "https://registry.yarnpkg.com/@types/semver/-/semver-7.3.10.tgz#5f19ee40cbeff87d916eedc8c2bfe2305d957f73"
    integrity sha512-zsv3fsC7S84NN6nPK06u79oWgrPVd0NvOyqgghV1haPaFcVxIrP4DLomRwGAXk0ui4HZA7mOcSFL98sMVW9viw==
  
  "@types/ua-parser-js@^0.7.36":
    version "0.7.36"
    resolved "https://registry.yarnpkg.com/@types/ua-parser-js/-/ua-parser-js-0.7.36.tgz#9bd0b47f26b5a3151be21ba4ce9f5fa457c5f190"
    integrity sha512-N1rW+njavs70y2cApeIw1vLMYXRwfBy+7trgavGuuTfOd7j1Yh7QTRc/yqsPl6ncokt72ZXuxEU0PiCp9bSwNQ==
  
  "@wessberg/stringutil@^1.0.19":
    version "1.0.19"
    resolved "https://registry.yarnpkg.com/@wessberg/stringutil/-/stringutil-1.0.19.tgz#baadcb6f4471fe2d46462a7d7a8294e4b45b29ad"
    integrity sha512-9AZHVXWlpN8Cn9k5BC/O0Dzb9E9xfEMXzYrNunwvkUTvuK7xgQPVRZpLo+jWCOZ5r8oBa8NIrHuPEu1hzbb6bg==
  
  ansi-colors@^4.1.3:
    version "4.1.3"
    resolved "https://registry.yarnpkg.com/ansi-colors/-/ansi-colors-4.1.3.tgz#37611340eb2243e70cc604cad35d63270d48781b"
    integrity sha512-/6w/C21Pm1A7aZitlI5Ni/2J6FFQN8i1Cvz3kHABAAbw93v/NlvKdVOqz7CCWz/3iv/JplRSEEZ83XION15ovw==
  
  browserslist-generator@^1.0.66:
    version "1.0.66"
    resolved "https://registry.yarnpkg.com/browserslist-generator/-/browserslist-generator-1.0.66.tgz#14f3f2cbf09e9a82e7c53a62f8cc18ce6c35eca3"
    integrity sha512-aFDax4Qzh29DdyhHQBD2Yu2L5OvaDnvYFMbmpLrLwwaNK4H6dHEhC/Nxv93/+mfAA+a/t94ln0P2JZvHO6LZDA==
    dependencies:
      "@mdn/browser-compat-data" "^4.1.16"
      "@types/object-path" "^0.11.1"
      "@types/semver" "^7.3.9"
      "@types/ua-parser-js" "^0.7.36"
      browserslist "4.20.2"
      caniuse-lite "^1.0.30001328"
      isbot "3.4.5"
      object-path "^0.11.8"
      semver "^7.3.7"
      ua-parser-js "^1.0.2"
  
  browserslist@4.20.2:
    version "4.20.2"
    resolved "https://registry.yarnpkg.com/browserslist/-/browserslist-4.20.2.tgz#567b41508757ecd904dab4d1c646c612cd3d4f88"
    integrity sha512-CQOBCqp/9pDvDbx3xfMi+86pr4KXIf2FDkTTdeuYw8OxS9t898LA1Khq57gtufFILXpfgsSx5woNgsBgvGjpsA==
    dependencies:
      caniuse-lite "^1.0.30001317"
      electron-to-chromium "^1.4.84"
      escalade "^3.1.1"
      node-releases "^2.0.2"
      picocolors "^1.0.0"
  
  browserslist@^4.20.4:
    version "4.20.4"
    resolved "https://registry.yarnpkg.com/browserslist/-/browserslist-4.20.4.tgz#98096c9042af689ee1e0271333dbc564b8ce4477"
    integrity sha512-ok1d+1WpnU24XYN7oC3QWgTyMhY/avPJ/r9T00xxvUOIparA/gc+UPUMaod3i+G6s+nI2nUb9xZ5k794uIwShw==
    dependencies:
      caniuse-lite "^1.0.30001349"
      electron-to-chromium "^1.4.147"
      escalade "^3.1.1"
      node-releases "^2.0.5"
      picocolors "^1.0.0"
  
  caniuse-lite@^1.0.30001317, caniuse-lite@^1.0.30001328, caniuse-lite@^1.0.30001349:
    version "1.0.30001356"
    resolved "https://registry.yarnpkg.com/caniuse-lite/-/caniuse-lite-1.0.30001356.tgz#cbf5fe7b33f90962bfbca532212ea478d4ec9de8"
    integrity sha512-/30854bktMLhxtjieIxsrJBfs2gTM1pel6MXKF3K+RdIVJZcsn2A2QdhsuR4/p9+R204fZw0zCBBhktX8xWuyQ==
  
  commander@~2.13.0:
    version "2.13.0"
    resolved "https://registry.yarnpkg.com/commander/-/commander-2.13.0.tgz#6964bca67685df7c1f1430c584f07d7597885b9c"
    integrity sha512-MVuS359B+YzaWqjCL/c+22gfryv+mCBPHAv3zyVI2GN8EY6IRP8VwtasXn8jyyhvvq84R4ImN1OKRtcbIasjYA==
  
  compatfactory@^1.0.1:
    version "1.0.1"
    resolved "https://registry.yarnpkg.com/compatfactory/-/compatfactory-1.0.1.tgz#a5940f1d734b86c02bb818a67a412d4c306ccaf4"
    integrity sha512-hR9u0HSZTKDNNchPtMHg6myeNx0XO+av7UZIJPsi4rPALJBHi/W5Mbwi19hC/xm6y3JkYpxVYjTqnSGsU5X/iw==
    dependencies:
      helpertypes "^0.0.18"
  
  crosspath@^2.0.0:
    version "2.0.0"
    resolved "https://registry.yarnpkg.com/crosspath/-/crosspath-2.0.0.tgz#5714f30c6541cc776103754954602ce0d25f126c"
    integrity sha512-ju88BYCQ2uvjO2bR+SsgLSTwTSctU+6Vp2ePbKPgSCZyy4MWZxYsT738DlKVRE5utUjobjPRm1MkTYKJxCmpTA==
    dependencies:
      "@types/node" "^17.0.36"
  
  earcut@^2.2.2:
    version "2.2.3"
    resolved "https://registry.yarnpkg.com/earcut/-/earcut-2.2.3.tgz#d44ced2ff5a18859568e327dd9c7d46b16f55cf4"
    integrity sha512-iRDI1QeCQIhMCZk48DRDMVgQSSBDmbzzNhnxIo+pwx3swkfjMh6vh0nWLq1NdvGHLKH6wIrAM3vQWeTj6qeoug==
  
  electron-to-chromium@^1.4.147, electron-to-chromium@^1.4.84:
    version "1.4.161"
    resolved "https://registry.yarnpkg.com/electron-to-chromium/-/electron-to-chromium-1.4.161.tgz#49cb5b35385bfee6cc439d0a04fbba7a7a7f08a1"
    integrity sha512-sTjBRhqh6wFodzZtc5Iu8/R95OkwaPNn7tj/TaDU5nu/5EFiQDtADGAXdR4tJcTEHlYfJpHqigzJqHvPgehP8A==
  
  escalade@^3.1.1:
    version "3.1.1"
    resolved "https://registry.yarnpkg.com/escalade/-/escalade-3.1.1.tgz#d8cfdc7000965c5a0174b4a82eaa5c0552742e40"
    integrity sha512-k0er2gUkLf8O0zKJiAhmkTnJlTvINGv7ygDNPbeIsX/TJjGJZHuh9B2UxbsaEkmlEo9MfhrSzmhIlhRlI2GXnw==
  
  estree-walker@^2.0.1:
    version "2.0.2"
    resolved "https://registry.yarnpkg.com/estree-walker/-/estree-walker-2.0.2.tgz#52f010178c2a4c117a7757cfe942adb7d2da4cac"
    integrity sha512-Rfkk/Mp/DL7JVje3u18FxFujQlTNR2q6QfMSMB7AvCBx91NGj/ba3kCfza0f6dVDbw7YlRf/nDrn7pQrCCyQ/w==
  
  eventemitter3@^3.1.0:
    version "3.1.2"
    resolved "https://registry.yarnpkg.com/eventemitter3/-/eventemitter3-3.1.2.tgz#2d3d48f9c346698fce83a85d7d664e98535df6e7"
    integrity sha512-tvtQIeLVHjDkJYnzf2dgVMxfuSGJeM/7UCG17TT4EumTfNtF+0nebF/4zWOIkCreAbtNqhGEboB6BWrwqNaw4Q==
  
  fsevents@~2.3.2:
    version "2.3.2"
    resolved "https://registry.yarnpkg.com/fsevents/-/fsevents-2.3.2.tgz#8a526f78b8fdf4623b709e0b975c52c24c02fd1a"
    integrity sha512-xiqMQR4xAeHTuB9uWm+fFRcIOgKBMiOBP+eXiyT7jsgVCq1bkVygt00oASowB7EdtpOHaaPgKt812P9ab+DDKA==
  
  helpertypes@^0.0.18:
    version "0.0.18"
    resolved "https://registry.yarnpkg.com/helpertypes/-/helpertypes-0.0.18.tgz#fd2bf5d3351cc7d80f7876732361d3adba63e5b4"
    integrity sha512-XRhfbSEmR+poXUC5/8AbmYNJb2riOT6qPzjGJZr0S9YedHiaY+/tzPYzWMUclYMEdCYo/1l8PDYrQFCj02v97w==
  
  isbot@3.4.5:
    version "3.4.5"
    resolved "https://registry.yarnpkg.com/isbot/-/isbot-3.4.5.tgz#69554585b725238692d9cc41d9a842c5b37fa33d"
    integrity sha512-+KD6q1BBtw0iK9aGBGSfxJ31/ZgizKRjhm8ebgJUBMx0aeeQuIJ1I72beCoIrltIZGrSm4vmrxRxrG5n1aUTtw==
  
  ismobilejs@^1.1.0:
    version "1.1.1"
    resolved "https://registry.yarnpkg.com/ismobilejs/-/ismobilejs-1.1.1.tgz#c56ca0ae8e52b24ca0f22ba5ef3215a2ddbbaa0e"
    integrity sha512-VaFW53yt8QO61k2WJui0dHf4SlL8lxBofUuUmwBo0ljPk0Drz2TiuDW4jo3wDcv41qy/SxrJ+VAzJ/qYqsmzRw==
  
  lru-cache@^6.0.0:
    version "6.0.0"
    resolved "https://registry.yarnpkg.com/lru-cache/-/lru-cache-6.0.0.tgz#6d6fe6570ebd96aaf90fcad1dafa3b2566db3a94"
    integrity sha512-Jo6dJ04CmSjuznwJSS3pUeWmd/H0ffTlkXXgwZi+eq1UCmqQwCh+eLsYOYCwY991i2Fah4h1BEMCx4qThGbsiA==
    dependencies:
      yallist "^4.0.0"
  
  magic-string@^0.26.2:
    version "0.26.2"
    resolved "https://registry.yarnpkg.com/magic-string/-/magic-string-0.26.2.tgz#5331700e4158cd6befda738bb6b0c7b93c0d4432"
    integrity sha512-NzzlXpclt5zAbmo6h6jNc8zl2gNRGHvmsZW4IvZhTC4W7k4OlLP+S5YLussa/r3ixNT66KOQfNORlXHSOy/X4A==
    dependencies:
      sourcemap-codec "^1.4.8"
  
  node-releases@^2.0.2, node-releases@^2.0.5:
    version "2.0.5"
    resolved "https://registry.yarnpkg.com/node-releases/-/node-releases-2.0.5.tgz#280ed5bc3eba0d96ce44897d8aee478bfb3d9666"
    integrity sha512-U9h1NLROZTq9uE1SNffn6WuPDg8icmi3ns4rEl/oTfIle4iLjTliCzgTsbaIFMq/Xn078/lfY/BL0GWZ+psK4Q==
  
  object-assign@^4.1.1:
    version "4.1.1"
    resolved "https://registry.yarnpkg.com/object-assign/-/object-assign-4.1.1.tgz#2109adc7965887cfc05cbbd442cac8bfbb360863"
    integrity sha512-rJgTQnkUnH1sFw8yT6VSU3zD3sWmu6sZhIseY8VX+GRu3P6F7Fu+JNDoXfklElbLJSnc3FUQHVe4cU5hj+BcUg==
  
  object-path@^0.11.8:
    version "0.11.8"
    resolved "https://registry.yarnpkg.com/object-path/-/object-path-0.11.8.tgz#ed002c02bbdd0070b78a27455e8ae01fc14d4742"
    integrity sha512-YJjNZrlXJFM42wTBn6zgOJVar9KFJvzx6sTWDte8sWZF//cnjl0BxHNpfZx+ZffXX63A9q0b1zsFiBX4g4X5KA==
  
  picocolors@^1.0.0:
    version "1.0.0"
    resolved "https://registry.yarnpkg.com/picocolors/-/picocolors-1.0.0.tgz#cb5bdc74ff3f51892236eaf79d68bc44564ab81c"
    integrity sha512-1fygroTLlHu66zi26VoTDv8yRgm0Fccecssto+MhsZ0D/DGW2sm8E8AjW7NU5VVTRt5GxbeZ5qBuJr+HyLYkjQ==
  
  picomatch@^2.2.2:
    version "2.3.1"
    resolved "https://registry.yarnpkg.com/picomatch/-/picomatch-2.3.1.tgz#3ba3833733646d9d3e4995946c1365a67fb07a42"
    integrity sha512-JU3teHTNjmE2VCGFzuY8EXzCDVwEqB2a8fsIvwaStHhAWJEeVd1o1QD80CU6+ZdEXXSLbSsuLwJjkCBWqRQUVA==
  
  pixi-filters@^4.1.6:
    version "4.1.6"
    resolved "https://registry.yarnpkg.com/pixi-filters/-/pixi-filters-4.1.6.tgz#bdb9b93cc95fe61c2975ee5695860a98320ba416"
    integrity sha512-gzdU/DrpbChVxHpdc4D3zrLI0em7P2uexwJzRthfwksjfPvQeDOwb8Vyi34cIBhWKJ9z5bBZlDTGoe2CZocWEw==
    dependencies:
      "@pixi/filter-adjustment" "4.1.3"
      "@pixi/filter-advanced-bloom" "4.1.5"
      "@pixi/filter-ascii" "4.1.5"
      "@pixi/filter-bevel" "4.1.5"
      "@pixi/filter-bloom" "4.1.5"
      "@pixi/filter-bulge-pinch" "4.1.5"
      "@pixi/filter-color-map" "4.1.5"
      "@pixi/filter-color-overlay" "4.1.5"
      "@pixi/filter-color-replace" "4.1.5"
      "@pixi/filter-convolution" "4.1.5"
      "@pixi/filter-cross-hatch" "4.1.3"
      "@pixi/filter-crt" "4.1.6"
      "@pixi/filter-dot" "4.1.5"
      "@pixi/filter-drop-shadow" "4.1.5"
      "@pixi/filter-emboss" "4.1.5"
      "@pixi/filter-glitch" "4.1.5"
      "@pixi/filter-glow" "4.1.5"
      "@pixi/filter-godray" "4.1.5"
      "@pixi/filter-kawase-blur" "4.1.5"
      "@pixi/filter-motion-blur" "4.1.5"
      "@pixi/filter-multi-color-replace" "4.1.5"
      "@pixi/filter-old-film" "4.1.5"
      "@pixi/filter-outline" "4.1.5"
      "@pixi/filter-pixelate" "4.1.3"
      "@pixi/filter-radial-blur" "4.1.5"
      "@pixi/filter-reflection" "4.1.5"
      "@pixi/filter-rgb-split" "4.1.3"
      "@pixi/filter-shockwave" "4.1.5"
      "@pixi/filter-simple-lightmap" "4.1.5"
      "@pixi/filter-tilt-shift" "4.1.5"
      "@pixi/filter-twist" "4.1.5"
      "@pixi/filter-zoom-blur" "4.1.5"
  
  pixi.js@^6.4.2:
    version "6.4.2"
    resolved "https://registry.yarnpkg.com/pixi.js/-/pixi.js-6.4.2.tgz#1cbac71a6535568f59a8684274792aa1bd271646"
    integrity sha512-8fjWgBfuSinIz0J5qXdsz10KAeDYyaa8XOcp4E1f+ug5ckE5rTPCcrSwQ8LNWA/YpdJ5irGOjv0rEA4sOcWVeQ==
    dependencies:
      "@pixi/accessibility" "6.4.2"
      "@pixi/app" "6.4.2"
      "@pixi/compressed-textures" "6.4.2"
      "@pixi/constants" "6.4.2"
      "@pixi/core" "6.4.2"
      "@pixi/display" "6.4.2"
      "@pixi/extract" "6.4.2"
      "@pixi/filter-alpha" "6.4.2"
      "@pixi/filter-blur" "6.4.2"
      "@pixi/filter-color-matrix" "6.4.2"
      "@pixi/filter-displacement" "6.4.2"
      "@pixi/filter-fxaa" "6.4.2"
      "@pixi/filter-noise" "6.4.2"
      "@pixi/graphics" "6.4.2"
      "@pixi/interaction" "6.4.2"
      "@pixi/loaders" "6.4.2"
      "@pixi/math" "6.4.2"
      "@pixi/mesh" "6.4.2"
      "@pixi/mesh-extras" "6.4.2"
      "@pixi/mixin-cache-as-bitmap" "6.4.2"
      "@pixi/mixin-get-child-by-name" "6.4.2"
      "@pixi/mixin-get-global-position" "6.4.2"
      "@pixi/particle-container" "6.4.2"
      "@pixi/polyfill" "6.4.2"
      "@pixi/prepare" "6.4.2"
      "@pixi/runner" "6.4.2"
      "@pixi/settings" "6.4.2"
      "@pixi/sprite" "6.4.2"
      "@pixi/sprite-animated" "6.4.2"
      "@pixi/sprite-tiling" "6.4.2"
      "@pixi/spritesheet" "6.4.2"
      "@pixi/text" "6.4.2"
      "@pixi/text-bitmap" "6.4.2"
      "@pixi/ticker" "6.4.2"
      "@pixi/utils" "6.4.2"
  
  promise-polyfill@^8.2.0:
    version "8.2.3"
    resolved "https://registry.yarnpkg.com/promise-polyfill/-/promise-polyfill-8.2.3.tgz#2edc7e4b81aff781c88a0d577e5fe9da822107c6"
    integrity sha512-Og0+jCRQetV84U8wVjMNccfGCnMQ9mGs9Hv78QFe+pSDD3gWTpz0y+1QCuxy5d/vBFuZ3iwP2eycAkvqIMPmWg==
  
  punycode@1.3.2:
    version "1.3.2"
    resolved "https://registry.yarnpkg.com/punycode/-/punycode-1.3.2.tgz#9653a036fb7c1ee42342f2325cceefea3926c48d"
    integrity sha512-RofWgt/7fL5wP1Y7fxE7/EmTLzQVnB0ycyibJ0OOHIlJqTNzglYFxVwETOcIoJqJmpDXJ9xImDv+Fq34F/d4Dw==
  
  querystring@0.2.0:
    version "0.2.0"
    resolved "https://registry.yarnpkg.com/querystring/-/querystring-0.2.0.tgz#b209849203bb25df820da756e747005878521620"
    integrity sha512-X/xY82scca2tau62i9mDyU9K+I+djTMUsvwf7xnUX5GLvVzgJybOJf4Y6o9Zx3oJK/LSXg5tTZBjwzqVPaPO2g==
  
  rollup-plugin-minify-es@^1.1.1:
    version "1.1.1"
    resolved "https://registry.yarnpkg.com/rollup-plugin-minify-es/-/rollup-plugin-minify-es-1.1.1.tgz#39861004b13cbc6f908e611021976e28fde8c660"
    integrity sha512-lvFDoGNR5OdRUki00uv70sUluPxBrOcULK6yEyh/lxBeRoaKkuUyhiLE76IDQR1+mmKSDzeYVMquZ+KWl0q2EQ==
    dependencies:
      uglify-es "^3.1.0"
  
  rollup-plugin-ts@^3.0.2:
    version "3.0.2"
    resolved "https://registry.yarnpkg.com/rollup-plugin-ts/-/rollup-plugin-ts-3.0.2.tgz#ee1a3f9ffe202ceff0b4d2f725fa268fa0c921bf"
    integrity sha512-67qi2QTHewhLyKDG6fX3jpohWpmUPPIT/xJ7rsYK46X6MqmoWy64Ti0y8ygPfLv8mXDCdRZUofM3mTxDfCswRA==
    dependencies:
      "@rollup/pluginutils" "^4.2.1"
      "@wessberg/stringutil" "^1.0.19"
      ansi-colors "^4.1.3"
      browserslist "^4.20.4"
      browserslist-generator "^1.0.66"
      compatfactory "^1.0.1"
      crosspath "^2.0.0"
      magic-string "^0.26.2"
      ts-clone-node "^1.0.0"
      tslib "^2.4.0"
  
  rollup@^2.75.6:
    version "2.75.6"
    resolved "https://registry.yarnpkg.com/rollup/-/rollup-2.75.6.tgz#ac4dc8600f95942a0180f61c7c9d6200e374b439"
    integrity sha512-OEf0TgpC9vU6WGROJIk1JA3LR5vk/yvqlzxqdrE2CzzXnqKXNzbAwlWUXis8RS3ZPe7LAq+YUxsRa0l3r27MLA==
    optionalDependencies:
      fsevents "~2.3.2"
  
  semver@^7.3.7:
    version "7.3.7"
    resolved "https://registry.yarnpkg.com/semver/-/semver-7.3.7.tgz#12c5b649afdbf9049707796e22a4028814ce523f"
    integrity sha512-QlYTucUYOews+WeEujDoEGziz4K6c47V/Bd+LjSSYcA94p+DmINdf7ncaUinThfvZyu13lN9OY1XDxt8C0Tw0g==
    dependencies:
      lru-cache "^6.0.0"
  
  source-map@~0.6.1:
    version "0.6.1"
    resolved "https://registry.yarnpkg.com/source-map/-/source-map-0.6.1.tgz#74722af32e9614e9c287a8d0bbde48b5e2f1a263"
    integrity sha512-UjgapumWlbMhkBgzT7Ykc5YXUT46F0iKu8SGXq0bcwP5dz/h0Plj6enJqjz1Zbq2l5WaqYnrVbwWOWMyF3F47g==
  
  sourcemap-codec@^1.4.8:
    version "1.4.8"
    resolved "https://registry.yarnpkg.com/sourcemap-codec/-/sourcemap-codec-1.4.8.tgz#ea804bd94857402e6992d05a38ef1ae35a9ab4c4"
    integrity sha512-9NykojV5Uih4lgo5So5dtw+f0JgJX30KCNI8gwhz2J9A15wD0Ml6tjHKwf6fTSa6fAdVBdZeNOs9eJ71qCk8vA==
  
  ts-clone-node@^1.0.0:
    version "1.0.0"
    resolved "https://registry.yarnpkg.com/ts-clone-node/-/ts-clone-node-1.0.0.tgz#aaffa5478cf303471cec9c3c8169e117a0f87614"
    integrity sha512-/cDYbr2HAXxFNeTT41c/xs/2bhLJjqnYheHsmA3AoHSt+n4JA4t0FL9Lk5O8kWnJ6jeB3kPcUoXIFtwERNzv6Q==
    dependencies:
      compatfactory "^1.0.1"
  
  tslib@^2.4.0:
    version "2.4.0"
    resolved "https://registry.yarnpkg.com/tslib/-/tslib-2.4.0.tgz#7cecaa7f073ce680a05847aa77be941098f36dc3"
    integrity sha512-d6xOpEDfsi2CZVlPQzGeux8XMwLT9hssAsaPYExaQMuYskwb+x1x7J371tWlbBdWHroy99KnVB6qIkUbs5X3UQ==
  
  typescript@^4.7.4:
    version "4.7.4"
    resolved "https://registry.yarnpkg.com/typescript/-/typescript-4.7.4.tgz#1a88596d1cf47d59507a1bcdfb5b9dfe4d488235"
    integrity sha512-C0WQT0gezHuw6AdY1M2jxUO83Rjf0HP7Sk1DtXj6j1EwkQNZrHAg2XPWlq62oqEhYvONq5pkC2Y9oPljWToLmQ==
  
  ua-parser-js@^1.0.2:
    version "1.0.2"
    resolved "https://registry.yarnpkg.com/ua-parser-js/-/ua-parser-js-1.0.2.tgz#e2976c34dbfb30b15d2c300b2a53eac87c57a775"
    integrity sha512-00y/AXhx0/SsnI51fTc0rLRmafiGOM4/O+ny10Ps7f+j/b8p/ZY11ytMgznXkOVo4GQ+KwQG5UQLkLGirsACRg==
  
  uglify-es@^3.1.0:
    version "3.3.9"
    resolved "https://registry.yarnpkg.com/uglify-es/-/uglify-es-3.3.9.tgz#0c1c4f0700bed8dbc124cdb304d2592ca203e677"
    integrity sha512-r+MU0rfv4L/0eeW3xZrd16t4NZfK8Ld4SWVglYBb7ez5uXFWHuVRs6xCTrf1yirs9a4j4Y27nn7SRfO6v67XsQ==
    dependencies:
      commander "~2.13.0"
      source-map "~0.6.1"
  
  url@^0.11.0:
    version "0.11.0"
    resolved "https://registry.yarnpkg.com/url/-/url-0.11.0.tgz#3838e97cfc60521eb73c525a8e55bfdd9e2e28f1"
    integrity sha512-kbailJa29QrtXnxgq+DdCEGlbTeYM2eJUxsz6vjZavrCYPMIFHMKQmSKYAIuUK2i7hgPm28a8piX5NTUtM/LKQ==
    dependencies:
      punycode "1.3.2"
      querystring "0.2.0"
  
  yallist@^4.0.0:
    version "4.0.0"
    resolved "https://registry.yarnpkg.com/yallist/-/yallist-4.0.0.tgz#9bb92790d9c0effec63be73519e11a35019a3a72"
    integrity sha512-3wdGidZyq5PB084XLES5TpOSRA3wjXAlIWMhum2kRcv/41Sn2emQ0dycQW4uZXLejwKvg6EsvbdlVL+FYEct7A==
